<?xml version="1.0" encoding="UTF-8"?>
<!-- Generated by org.testng.reporters.JUnitReportReporter -->
<testsuite hostname="DESKTOP-2FJ9JMP" failures="0" tests="1" name="Manufacturer_Module.AddProductsTest" time="58.762" errors="0" timestamp="2023-11-30T16:29:02 IST" skipped="0">
  <testcase classname="Manufacturer_Module.AddProductsTest" name="product" time="58.762"/>
  <system-out/>
</testsuite> <!-- Manufacturer_Module.AddProductsTest -->
