<?xml version="1.0" encoding="UTF-8"?>
<!-- Generated by org.testng.reporters.JUnitReportReporter -->
<testsuite hostname="DESKTOP-2FJ9JMP" failures="0" tests="1" name="Admin_Module.Add_RetailerTest" time="69.952" errors="0" timestamp="2023-11-30T16:02:41 IST" skipped="0">
  <testcase classname="Admin_Module.Add_RetailerTest" name="addretailer" time="69.952"/>
  <system-out>
    <![CDATA[addretailer-----Testscript execution starts from here----
addretailer-------Testscript executed successfully---]]>
  </system-out>
</testsuite> <!-- Admin_Module.Add_RetailerTest -->
