<?xml version="1.0" encoding="UTF-8"?>
<!-- Generated by org.testng.reporters.JUnitReportReporter -->
<testsuite hostname="DESKTOP-2FJ9JMP" failures="0" tests="2" name="com.PracticeTestNG.TestNGAnnotations2" time="0.066" errors="0" timestamp="2023-11-20T18:02:08 IST" skipped="0">
  <testcase classname="com.PracticeTestNG.TestNGAnnotations2" name="test2" time="0.020"/>
  <system-out/>
  <testcase classname="com.PracticeTestNG.TestNGAnnotations2" name="test1" time="0.046"/>
  <system-out/>
</testsuite> <!-- com.PracticeTestNG.TestNGAnnotations2 -->
