<?xml version="1.0" encoding="UTF-8"?>
<!-- Generated by org.testng.reporters.JUnitReportReporter -->
<testsuite hostname="DESKTOP-2FJ9JMP" failures="0" tests="2" name="com.PracticeTestNG.DataProviderTest" time="0.025" errors="0" timestamp="2023-11-20T15:51:27 IST" skipped="0">
  <testcase classname="com.PracticeTestNG.DataProviderTest" name="get" time="0.018"/>
  <system-out/>
  <testcase classname="com.PracticeTestNG.DataProviderTest" name="get" time="0.007"/>
  <system-out/>
</testsuite> <!-- com.PracticeTestNG.DataProviderTest -->
