<?xml version="1.0" encoding="UTF-8"?>
<!-- Generated by org.testng.reporters.JUnitReportReporter -->
<testsuite hostname="DESKTOP-2FJ9JMP" failures="0" tests="1" name="Practice_package.CmdParameterTest" time="27.684" errors="0" timestamp="2023-11-10T15:57:04 IST" skipped="0">
  <testcase classname="Practice_package.CmdParameterTest" name="parametertest" time="27.684"/>
  <system-out/>
</testsuite> <!-- Practice_package.CmdParameterTest -->
