<?xml version="1.0" encoding="UTF-8"?>
<!-- Generated by org.testng.reporters.JUnitReportReporter -->
<testsuite hostname="DESKTOP-2FJ9JMP" failures="0" tests="6" name="com.PracticeTestNG.ExceuteDPFRomGenericExcel" time="0.147" errors="0" timestamp="2023-11-20T16:32:12 IST" skipped="0">
  <testcase classname="com.PracticeTestNG.ExceuteDPFRomGenericExcel" name="getdta" time="0.081"/>
  <system-out/>
  <testcase classname="com.PracticeTestNG.ExceuteDPFRomGenericExcel" name="getdta" time="0.010"/>
  <system-out/>
  <testcase classname="com.PracticeTestNG.ExceuteDPFRomGenericExcel" name="getdta" time="0.023"/>
  <system-out/>
  <testcase classname="com.PracticeTestNG.ExceuteDPFRomGenericExcel" name="getdta" time="0.009"/>
  <system-out/>
  <testcase classname="com.PracticeTestNG.ExceuteDPFRomGenericExcel" name="getdta" time="0.014"/>
  <system-out/>
  <testcase classname="com.PracticeTestNG.ExceuteDPFRomGenericExcel" name="getdta" time="0.010"/>
  <system-out/>
</testsuite> <!-- com.PracticeTestNG.ExceuteDPFRomGenericExcel -->
