<?xml version="1.0" encoding="UTF-8"?>
<!-- Generated by org.testng.reporters.JUnitReportReporter -->
<testsuite hostname="DESKTOP-N61B0N0" failures="0" tests="1" name="Admin_Module.EditProductendtoendtest" time="11.060" errors="0" timestamp="2023-11-30T18:02:47 IST" skipped="0">
  <testcase classname="Admin_Module.EditProductendtoendtest" name="editproduct" time="11.060">
    <system-out>
      <![CDATA[editproduct-----Testscript execution starts from here----
editproduct-------Testscript executed successfully---]]>
    </system-out>
  </testcase> <!-- editproduct -->
  <system-out>
    <![CDATA[product-----Testscript execution starts from here----
product-------Testscript executed successfully---
editproduct-----Testscript execution starts from here----
editproduct-------Testscript executed successfully---
addretailer-----Testscript execution starts from here----
addretailer-------Testscript executed successfully---
deleteretailer-----Testscript execution starts from here----
deleteretailer-------Testscript executed successfully---]]>
  </system-out>
</testsuite> <!-- Admin_Module.EditProductendtoendtest -->
