<?xml version="1.0" encoding="UTF-8"?>
<!-- Generated by org.testng.reporters.JUnitReportReporter -->
<testsuite hostname="DESKTOP-2FJ9JMP" failures="0" tests="6" name="com.PracticeTestNG.ExcetueDataProvExcel" time="0.117" errors="0" timestamp="2023-11-20T16:24:02 IST" skipped="0">
  <testcase classname="com.PracticeTestNG.ExcetueDataProvExcel" name="getdta" time="0.010"/>
  <system-out/>
  <testcase classname="com.PracticeTestNG.ExcetueDataProvExcel" name="getdta" time="0.023"/>
  <system-out/>
  <testcase classname="com.PracticeTestNG.ExcetueDataProvExcel" name="getdta" time="0.017"/>
  <system-out/>
  <testcase classname="com.PracticeTestNG.ExcetueDataProvExcel" name="getdta" time="0.028"/>
  <system-out/>
  <testcase classname="com.PracticeTestNG.ExcetueDataProvExcel" name="getdta" time="0.012"/>
  <system-out/>
  <testcase classname="com.PracticeTestNG.ExcetueDataProvExcel" name="getdta" time="0.027"/>
  <system-out/>
</testsuite> <!-- com.PracticeTestNG.ExcetueDataProvExcel -->
