<?xml version="1.0" encoding="UTF-8"?>
<!-- Generated by org.testng.reporters.JUnitReportReporter -->
<testsuite hostname="DESKTOP-2FJ9JMP" failures="0" tests="4" name="com.PracticeTestNG.TestNGTest" time="0.058" errors="0" timestamp="2023-11-20T12:52:52 IST" skipped="0">
  <testcase classname="com.PracticeTestNG.TestNGTest" name="bcreateTest" time="0.031"/>
  <system-out/>
  <testcase classname="com.PracticeTestNG.TestNGTest" name="deleteTest" time="0.005"/>
  <system-out/>
  <testcase classname="com.PracticeTestNG.TestNGTest" name="xeditTest" time="0.003"/>
  <system-out/>
  <testcase classname="com.PracticeTestNG.TestNGTest" name="modifyTest" time="0.019"/>
  <system-out/>
</testsuite> <!-- com.PracticeTestNG.TestNGTest -->
