<?xml version="1.0" encoding="UTF-8"?>
<!-- Generated by org.testng.reporters.JUnitReportReporter -->
<testsuite hostname="DESKTOP-2FJ9JMP" failures="0" tests="1" name="Project_package.Deleting_retailertest" time="37.207" errors="0" timestamp="2023-11-23T16:31:00 IST" skipped="0">
  <testcase classname="Project_package.Deleting_retailertest" name="deleteretailer" time="37.207"/>
  <system-out>
    <![CDATA[deleteretailer-----Testscript execution starts from here----
deleteretailer-------Testscript executed successfully---]]>
  </system-out>
</testsuite> <!-- Project_package.Deleting_retailertest -->
