<?xml version="1.0" encoding="UTF-8"?>
<!-- Generated by org.testng.reporters.JUnitReportReporter -->
<testsuite hostname="DESKTOP-2FJ9JMP" failures="0" tests="1" name="Project_package.AddProductsTest" time="19.324" errors="0" timestamp="2023-11-22T16:16:55 IST" skipped="0">
  <testcase classname="Project_package.AddProductsTest" name="product" time="19.324"/>
  <system-out/>
</testsuite> <!-- Project_package.AddProductsTest -->
