<?xml version="1.0" encoding="UTF-8"?>
<!-- Generated by org.testng.reporters.JUnitReportReporter -->
<testsuite hostname="DESKTOP-2FJ9JMP" failures="0" tests="1" name="Project_package.EditProductendtoendtest" time="81.642" errors="0" timestamp="2023-11-16T16:32:24 IST" skipped="0">
  <testcase classname="Project_package.EditProductendtoendtest" name="editproduct" time="81.642"/>
  <system-out/>
</testsuite> <!-- Project_package.EditProductendtoendtest -->
