<?xml version="1.0" encoding="UTF-8"?>
<!-- Generated by org.testng.reporters.JUnitReportReporter -->
<testsuite hostname="DESKTOP-2FJ9JMP" failures="0" tests="1" name="Manufacturer_Module.EditProductendtoendtest" time="101.129" errors="0" timestamp="2023-11-30T16:31:51 IST" skipped="0">
  <testcase classname="Manufacturer_Module.EditProductendtoendtest" name="editproduct" time="101.129"/>
  <system-out/>
</testsuite> <!-- Manufacturer_Module.EditProductendtoendtest -->
