<?xml version="1.0" encoding="UTF-8"?>
<!-- Generated by org.testng.reporters.JUnitReportReporter -->
<testsuite hostname="DESKTOP-N61B0N0" failures="0" tests="1" name="Manufacturer_Module.EditProductendtoendtest" time="23.728" errors="0" timestamp="2023-11-30T17:58:30 IST" skipped="0">
  <testcase classname="Manufacturer_Module.EditProductendtoendtest" name="editproduct" time="23.728"/>
</testsuite> <!-- Manufacturer_Module.EditProductendtoendtest -->
