<?xml version="1.0" encoding="UTF-8"?>
<!-- Generated by org.testng.reporters.JUnitReportReporter -->
<testsuite hostname="DESKTOP-N61B0N0" failures="0" tests="1" name="Admin_Module.Add_RetailerTest" time="1.378" errors="0" timestamp="2023-11-30T18:02:46 IST" skipped="0">
  <testcase classname="Admin_Module.Add_RetailerTest" name="addretailer" time="1.378">
    <system-out>
      <![CDATA[addretailer-----Testscript execution starts from here----
addretailer-------Testscript executed successfully---]]>
    </system-out>
  </testcase> <!-- addretailer -->
  <system-out>
    <![CDATA[product-----Testscript execution starts from here----
product-------Testscript executed successfully---
editproduct-----Testscript execution starts from here----
editproduct-------Testscript executed successfully---
addretailer-----Testscript execution starts from here----
addretailer-------Testscript executed successfully---
deleteretailer-----Testscript execution starts from here----
deleteretailer-------Testscript executed successfully---]]>
  </system-out>
</testsuite> <!-- Admin_Module.Add_RetailerTest -->
