<?xml version="1.0" encoding="UTF-8"?>
<!-- Generated by org.testng.reporters.JUnitReportReporter -->
<testsuite hostname="DESKTOP-2FJ9JMP" failures="0" tests="2" name="com.PracticeTestNG.ExecuteDataProTest" time="0.032" errors="0" timestamp="2023-11-20T15:55:36 IST" skipped="0">
  <testcase classname="com.PracticeTestNG.ExecuteDataProTest" name="getData" time="0.024"/>
  <system-out/>
  <testcase classname="com.PracticeTestNG.ExecuteDataProTest" name="getData" time="0.008"/>
  <system-out/>
</testsuite> <!-- com.PracticeTestNG.ExecuteDataProTest -->
