<?xml version="1.0" encoding="UTF-8"?>
<!-- Generated by org.testng.reporters.JUnitReportReporter -->
<testsuite hostname="DESKTOP-2FJ9JMP" failures="0" tests="1" name="Practice_package.ReadDataFromMavenCommandTest" time="0.005" errors="0" timestamp="2023-11-10T15:22:17 IST" skipped="0">
  <testcase classname="Practice_package.ReadDataFromMavenCommandTest" name="read" time="0.005"/>
  <system-out/>
</testsuite> <!-- Practice_package.ReadDataFromMavenCommandTest -->
