<?xml version="1.0" encoding="UTF-8"?>
<!-- Generated by org.testng.reporters.JUnitReportReporter -->
<testsuite hostname="DESKTOP-2FJ9JMP" failures="0" tests="1" name="Practice_package.ReadDataFromMavenCommand" time="0.022" errors="0" timestamp="2023-11-10T13:13:56 IST" skipped="0">
  <testcase classname="Practice_package.ReadDataFromMavenCommand" name="read" time="0.022"/>
  <system-out/>
</testsuite> <!-- Practice_package.ReadDataFromMavenCommand -->
